<?xml version="1.0" encoding="UTF-8"?>
<!-- Generated by org.testng.reporters.JUnitXMLReporter -->
<testsuite hostname="MACLTUS66713" name="Default test" tests="5" failures="0" timestamp="25 Feb 2021 16:42:42 GMT" time="25.973" errors="0">
  <testcase name="incomplete_form_issues_error" time="0.648" classname="seleniumgenc.SeleniumPracticeTekstacShopifyTests"/>
  <testcase name="incomplete_form_issues_error" time="0.645" classname="seleniumgenc.SeleniumPracticeTekstacShopifyTests"/>
  <testcase name="incomplete_form_issues_error" time="0.77" classname="seleniumgenc.SeleniumPracticeTekstacShopifyTests"/>
  <testcase name="incomplete_form_issues_error" time="0.705" classname="seleniumgenc.SeleniumPracticeTekstacShopifyTests"/>
  <testcase name="incomplete_form_issues_error" time="0.628" classname="seleniumgenc.SeleniumPracticeTekstacShopifyTests"/>
</testsuite> <!-- Default test -->
