<?xml version="1.0" encoding="UTF-8"?>
<!-- Generated by org.testng.reporters.JUnitXMLReporter -->
<testsuite hostname="MACLTUS66713" name="Default test" tests="3" failures="0" timestamp="23 Feb 2021 17:05:43 GMT" time="13.439" errors="0">
  <testcase name="incomplete_form_issues_error" time="0.442" classname="seleniumgenc.SeleniumPracticeTekstacShopifyTests"/>
  <testcase name="shopifyRegisterFormContainsAllTextboxes" time="0.102" classname="seleniumgenc.SeleniumPracticeTekstacShopifyTests"/>
  <testcase name="submittingFormAddsInfoToBottomTable" time="0.491" classname="seleniumgenc.SeleniumPracticeTekstacShopifyTests"/>
</testsuite> <!-- Default test -->
