<?xml version="1.0" encoding="UTF-8"?>
<testng-results skipped="0" failed="0" total="1" passed="1">
  <reporter-output>
  </reporter-output>
  <suite name="Default suite" duration-ms="5258" started-at="2021-02-17T18:07:51Z" finished-at="2021-02-17T18:07:56Z">
    <groups>
    </groups>
    <test name="Default test" duration-ms="5258" started-at="2021-02-17T18:07:51Z" finished-at="2021-02-17T18:07:56Z">
      <class name="seleniumgenc.SeleniumPracticeTekstacShopifyTests">
        <test-method status="PASS" signature="beforeTest()[pri:0, instance:seleniumgenc.SeleniumPracticeTekstacShopifyTests@57fffcd7]" name="beforeTest" is-config="true" duration-ms="506" started-at="2021-02-17T12:07:51Z" finished-at="2021-02-17T12:07:51Z">
          <reporter-output>
          </reporter-output>
        </test-method> <!-- beforeTest -->
        <test-method status="PASS" signature="shopifyRegisterFormContainsAllTextboxes()[pri:0, instance:seleniumgenc.SeleniumPracticeTekstacShopifyTests@57fffcd7]" name="shopifyRegisterFormContainsAllTextboxes" duration-ms="4655" started-at="2021-02-17T12:07:51Z" finished-at="2021-02-17T12:07:56Z">
          <reporter-output>
          </reporter-output>
        </test-method> <!-- shopifyRegisterFormContainsAllTextboxes -->
        <test-method status="PASS" signature="afterTest()[pri:0, instance:seleniumgenc.SeleniumPracticeTekstacShopifyTests@57fffcd7]" name="afterTest" is-config="true" duration-ms="86" started-at="2021-02-17T12:07:56Z" finished-at="2021-02-17T12:07:56Z">
          <reporter-output>
          </reporter-output>
        </test-method> <!-- afterTest -->
      </class> <!-- seleniumgenc.SeleniumPracticeTekstacShopifyTests -->
    </test> <!-- Default test -->
  </suite> <!-- Default suite -->
</testng-results>
